Flutter crash report.
Please report a bug at https://github.com/flutter/flutter/issues.

## command

flutter run --machine --start-paused -d 00008130-000444423E82001C --devtools-server-address http://127.0.0.1:9101/ --target /Users/pramodkumar/projects/learn-flutter/my_radios/lib/main.dart

## exception

SocketException: SocketException: Send failed (OS Error: No route to host, errno = 65), address = 0.0.0.0, port = 5353

```
#0      _NativeSocket.send (dart:io-patch/socket_patch.dart:1269:34)
#1      _RawDatagramSocket.send (dart:io-patch/socket_patch.dart:2582:15)
#2      MDnsClient.lookup (package:multicast_dns/multicast_dns.dart:225:14)
#3      MDnsVmServiceDiscovery._pollingVmService (package:flutter_tools/src/mdns_discovery.dart:228:66)
<asynchronous suspension>
#4      MDnsVmServiceDiscovery.firstMatchingVmService (package:flutter_tools/src/mdns_discovery.dart:184:56)
<asynchronous suspension>
#5      MDnsVmServiceDiscovery.getVMServiceUriForLaunch (package:flutter_tools/src/mdns_discovery.dart:429:50)
<asynchronous suspension>
#6      Future.any.onValue (dart:async/future.dart:613:5)
<asynchronous suspension>
```

## flutter doctor

```
[✓] Flutter (Channel stable, 3.16.0, on macOS 15.7 24G210 darwin-arm64, locale en-US)
    • Flutter version 3.16.0 on channel stable at /Users/pramodkumar/development/flutter
    • Upstream repository https://github.com/flutter/flutter.git
    • Framework revision db7ef5bf9f (1 year, 10 months ago), 2023-11-15 11:25:44 -0800
    • Engine revision 74d16627b9
    • Dart version 3.2.0
    • DevTools version 2.28.2

[✓] Android toolchain - develop for Android devices (Android SDK version 34.0.0)
    • Android SDK at /Users/pramodkumar/Library/Android/sdk
    • Platform android-34, build-tools 34.0.0
    • Java binary at: /Applications/Android Studio.app/Contents/jbr/Contents/Home/bin/java
    • Java version OpenJDK Runtime Environment (build 17.0.6+0-17.0.6b829.9-10027231)
    • All Android licenses accepted.

[✓] Xcode - develop for iOS and macOS (Xcode 16.4)
    • Xcode at /Applications/Xcode.app/Contents/Developer
    • Build 16F6
    • CocoaPods version 1.15.2

[✓] Chrome - develop for the web
    • Chrome at /Applications/Google Chrome.app/Contents/MacOS/Google Chrome

[✓] Android Studio (version 2022.3)
    • Android Studio at /Applications/Android Studio.app/Contents
    • Flutter plugin can be installed from:
      🔨 https://plugins.jetbrains.com/plugin/9212-flutter
    • Dart plugin can be installed from:
      🔨 https://plugins.jetbrains.com/plugin/6351-dart
    • Java version OpenJDK Runtime Environment (build 17.0.6+0-17.0.6b829.9-10027231)

[✓] VS Code (version 1.84.2)
    • VS Code at /Users/pramodkumar/Documents/Visual Studio Code.app/Contents
    • Flutter extension version 3.116.0

[✓] Connected device (4 available)
    • Pramod’s iPhone (mobile)   • 00008130-000444423E82001C            • ios            • iOS 18.6.2 22G100
    • iPhone 15 Pro Max (mobile) • F460ED10-13D3-4B1F-96FE-3899C8CC988D • ios            • com.apple.CoreSimulator.SimRuntime.iOS-17-0 (simulator)
    • macOS (desktop)            • macos                                • darwin-arm64   • macOS 15.7 24G210 darwin-arm64
    • Chrome (web)               • chrome                               • web-javascript • Google Chrome 139.0.7258.155

[✓] Network resources
    • All expected network resources are available.

• No issues found!
```
